2025-04-03 22:57:17,889 - WARNING -  * Debugger is active!
2025-04-03 22:57:17,893 - INFO -  * Debugger PIN: 122-530-568
2025-04-03 22:57:17,919 - WARNING -  * Debugger is active!
2025-04-03 22:57:17,922 - INFO -  * Debugger PIN: 122-530-568
2025-04-03 22:57:26,551 - INFO - [31m[1mWARNING: This is a development server. Do not use it in a production deployment. Use a production WSGI server instead.[0m
 * Running on http://127.0.0.1:8000
2025-04-03 22:57:26,551 - INFO - [33mPress CTRL+C to quit[0m
2025-04-03 22:57:26,552 - INFO -  * Restarting with stat
2025-04-03 22:57:26,881 - WARNING -  * Debugger is active!
2025-04-03 22:57:26,884 - INFO -  * Debugger PIN: 122-530-568
2025-04-03 22:57:41,235 - INFO - [31m[1mWARNING: This is a development server. Do not use it in a production deployment. Use a production WSGI server instead.[0m
 * Running on http://127.0.0.1:8000
2025-04-03 22:57:41,237 - INFO - [33mPress CTRL+C to quit[0m
2025-04-03 22:57:41,238 - INFO -  * Restarting with stat
2025-04-03 22:57:41,504 - WARNING -  * Debugger is active!
2025-04-03 22:57:41,507 - INFO -  * Debugger PIN: 122-530-568
2025-04-03 22:58:02,732 - INFO - [31m[1mWARNING: This is a development server. Do not use it in a production deployment. Use a production WSGI server instead.[0m
 * Running on http://127.0.0.1:8000
2025-04-03 22:58:02,732 - INFO - [33mPress CTRL+C to quit[0m
2025-04-03 22:58:02,733 - INFO -  * Restarting with stat
2025-04-03 22:58:02,989 - WARNING -  * Debugger is active!
2025-04-03 22:58:02,991 - INFO -  * Debugger PIN: 122-530-568
2025-04-03 22:58:34,276 - ERROR - Failed to connect to database: 1045 (28000): Access denied for user 'root'@'localhost' (using password: NO)
2025-04-03 22:58:34,276 - INFO - 127.0.0.1 - - [03/Apr/2025 22:58:34] "[35m[1mGET /api/questions HTTP/1.1[0m" 500 -
2025-04-03 22:58:34,329 - INFO - 127.0.0.1 - - [03/Apr/2025 22:58:34] "[33mGET /favicon.ico HTTP/1.1[0m" 404 -
2025-04-03 22:59:39,622 - INFO -  * Detected change in 'C:\\Users\\kajay\\Desktop\\projects under process\\Quiz master (brain buzzer)\\main.py', reloading
2025-04-03 22:59:39,668 - INFO -  * Restarting with stat
2025-04-03 22:59:39,831 - INFO -  * Detected change in 'C:\\Users\\kajay\\Desktop\\projects under process\\Quiz master (brain buzzer)\\main.py', reloading
2025-04-03 22:59:39,886 - INFO -  * Restarting with stat
2025-04-03 22:59:39,920 - INFO -  * Detected change in 'C:\\Users\\kajay\\Desktop\\projects under process\\Quiz master (brain buzzer)\\main.py', reloading
2025-04-03 23:01:22,342 - INFO - [31m[1mWARNING: This is a development server. Do not use it in a production deployment. Use a production WSGI server instead.[0m
 * Running on http://127.0.0.1:8000
2025-04-03 23:01:22,342 - INFO - [33mPress CTRL+C to quit[0m
2025-04-03 23:01:22,343 - INFO -  * Restarting with stat
2025-04-03 23:01:22,625 - WARNING -  * Debugger is active!
2025-04-03 23:01:22,628 - INFO -  * Debugger PIN: 122-530-568
